<?xml version="1.0" encoding="UTF-8"?>
<!-- Generated by org.testng.reporters.JUnitReportReporter -->
<testsuite hostname="LAPTOP-MR5PMRI0" failures="0" tests="2" name="com.advance.selenium.questions.Shadow" time="65.167" errors="0" timestamp="2026-07-19T15:28:18 IST" skipped="0">
  <testcase classname="com.advance.selenium.questions.Shadow" name="handleShadowRootByJS" time="32.864"/>
  <testcase classname="com.advance.selenium.questions.Shadow" name="handleShadowRoot" time="32.303"/>
</testsuite> <!-- com.advance.selenium.questions.Shadow -->
